Tue 23 Apr 2024 03:48:51 AM UTC: 
 tests:  0|6
total_score: 0/70
4279bd1
Tue 23 Apr 2024 04:02:58 AM UTC: 
 hashmap.c | 8 ++++++--
 1 file changed, 6 insertions(+), 2 deletions(-)
 tests:  1|5
total_score: 10/70
ccde7ef
Tue 23 Apr 2024 04:07:50 AM UTC: 
 hashmap.c | 9 +++++++--
 1 file changed, 7 insertions(+), 2 deletions(-)
 tests:  2|5
total_score: 20/70
b4e32f8
Tue 23 Apr 2024 04:10:12 AM UTC: 
 hashmap.c | 11 +++++++++++
 1 file changed, 11 insertions(+)
 tests:  2|5
total_score: 20/70
af7a66e
Tue 23 Apr 2024 04:10:58 AM UTC: 
 hashmap.c | 1 +
 1 file changed, 1 insertion(+)
 tests:  2|5
total_score: 20/70
8265701
Tue 23 Apr 2024 04:12:42 AM UTC: 
 hashmap.c | 5 ++++-
 1 file changed, 4 insertions(+), 1 deletion(-)
 tests:  4|5
total_score: 20/70
6a431b1
Tue 23 Apr 2024 04:22:39 AM UTC: 
 hashmap.c | 3 +++
 1 file changed, 3 insertions(+)
 tests:  4|5
total_score: 20/70
515f2db
Tue 23 Apr 2024 04:24:46 AM UTC: 
 hashmap.c | 2 +-
 1 file changed, 1 insertion(+), 1 deletion(-)
 tests:  0|0
b5083ef
Tue 23 Apr 2024 04:25:30 AM UTC: 
 hashmap.c | 2 +-
 1 file changed, 1 insertion(+), 1 deletion(-)
 tests:  4|5
total_score: 20/70
d4f0b71
Tue 23 Apr 2024 04:26:04 AM UTC: 
 hashmap.c | 2 +-
 1 file changed, 1 insertion(+), 1 deletion(-)
 tests:  2|5
total_score: 20/70
aa6124b
Tue 23 Apr 2024 04:26:16 AM UTC: 
 hashmap.c | 2 +-
 1 file changed, 1 insertion(+), 1 deletion(-)
 tests:  0|0
f117cef
Tue 23 Apr 2024 04:31:14 AM UTC: 
 hashmap.c | 4 ++--
 1 file changed, 2 insertions(+), 2 deletions(-)
In file included from test.c:4:
hashmap.c: In function ‘insertMap’:
hashmap.c:63:28: error: expected ‘;’ before ‘}’ token
   63 |     map->current = posicion
      |                            ^
      |                            ;
   64 |   }
      |   ~                         
Compilation failed
45e5c13
Tue 23 Apr 2024 04:31:30 AM UTC: 
 hashmap.c | 2 +-
 1 file changed, 1 insertion(+), 1 deletion(-)
 tests:  2|5
total_score: 20/70
15c9d2f
Tue 23 Apr 2024 04:38:22 AM UTC: 
 hashmap.c | 19 ++++---------------
 1 file changed, 4 insertions(+), 15 deletions(-)
test.c: In function ‘insertMap’:
test.c:453:5: error: ‘main’ is normally a non-static function [-Werror=main]
  453 | int main( int argc, char *argv[] ) {
      |     ^~~~
test.c:511:1: error: expected declaration or statement at end of input
  511 | }
      | ^
At top level:
test.c:453:5: error: ‘main’ defined but not used [-Werror=unused-function]
  453 | int main( int argc, char *argv[] ) {
      |     ^~~~
test.c:217:5: error: ‘insert_test5’ defined but not used [-Werror=unused-function]
  217 | int insert_test5(){ //factor de carga>0.7, se llama a función enlarge
      |     ^~~~~~~~~~~~
test.c:131:6: error: ‘compare_test’ defined but not used [-Werror=unused-function]
  131 | void compare_test(){
      |      ^~~~~~~~~~~~
test.c:125:6: error: ‘hash_test3’ defined but not used [-Werror=unused-function]
  125 | void hash_test3(){ //no random
      |      ^~~~~~~~~~
test.c:111:6: error: ‘hash_test2’ defined but not used [-Werror=unused-function]
  111 | void hash_test2(){ // colisiones
      |      ^~~~~~~~~~
test.c:100:6: error: ‘hash_test1’ defined but not used [-Werror=unused-function]
  100 | void hash_test1(){ // posición válida
      |      ^~~~~~~~~~
cc1: all warnings being treated as errors
Compilation failed
d4870ca
Tue 23 Apr 2024 04:39:48 AM UTC: 
 hashmap.c | 4 +++-
 1 file changed, 3 insertions(+), 1 deletion(-)
 tests:  5|4
total_score: 30/70
54f2785
Tue 23 Apr 2024 05:33:16 AM UTC: 
 hashmap.c | 12 ++++++++++--
 1 file changed, 10 insertions(+), 2 deletions(-)
 tests:  8|3
total_score: 40/70
1b31e16
